<?xml version="1.0" encoding="UTF-8"?>
<testsuite xmlns:xsi="http://www.w3.org/2001/XMLSchema-instance" xsi:noNamespaceSchemaLocation="https://maven.apache.org/surefire/maven-surefire-plugin/xsd/surefire-test-report.xsd" name="org.springframework.samples.petclinic.web.VisitControllerTests" time="0.062" tests="4" errors="0" skipped="0" failures="0">
  <properties>
    <property name="sun.desktop" value="windows"/>
    <property name="awt.toolkit" value="sun.awt.windows.WToolkit"/>
    <property name="java.specification.version" value="11"/>
    <property name="sun.cpu.isalist" value="amd64"/>
    <property name="sun.jnu.encoding" value="Cp1252"/>
    <property name="java.class.path" value="C:\projects\sonarqube\Petclinic-main\target\test-classes;C:\projects\sonarqube\Petclinic-main\target\classes;C:\Users\maima\.m2\repository\org\apache\tomcat\tomcat-servlet-api\9.0.46\tomcat-servlet-api-9.0.46.jar;C:\Users\maima\.m2\repository\org\apache\tomcat\tomcat-jasper-el\9.0.46\tomcat-jasper-el-9.0.46.jar;C:\Users\maima\.m2\repository\org\apache\tomcat\tomcat-el-api\9.0.46\tomcat-el-api-9.0.46.jar;C:\Users\maima\.m2\repository\org\apache\taglibs\taglibs-standard-jstlel\1.2.5\taglibs-standard-jstlel-1.2.5.jar;C:\Users\maima\.m2\repository\org\apache\taglibs\taglibs-standard-spec\1.2.5\taglibs-standard-spec-1.2.5.jar;C:\Users\maima\.m2\repository\org\apache\taglibs\taglibs-standard-impl\1.2.5\taglibs-standard-impl-1.2.5.jar;C:\Users\maima\.m2\repository\com\fasterxml\jackson\core\jackson-core\2.12.4\jackson-core-2.12.4.jar;C:\Users\maima\.m2\repository\com\fasterxml\jackson\core\jackson-databind\2.12.4\jackson-databind-2.12.4.jar;C:\Users\maima\.m2\repository\com\fasterxml\jackson\core\jackson-annotations\2.12.4\jackson-annotations-2.12.4.jar;C:\Users\maima\.m2\repository\com\jayway\jsonpath\json-path\2.6.0\json-path-2.6.0.jar;C:\Users\maima\.m2\repository\net\minidev\json-smart\2.4.7\json-smart-2.4.7.jar;C:\Users\maima\.m2\repository\net\minidev\accessors-smart\2.4.7\accessors-smart-2.4.7.jar;C:\Users\maima\.m2\repository\org\ow2\asm\asm\9.1\asm-9.1.jar;C:\Users\maima\.m2\repository\org\springframework\data\spring-data-jpa\2.6.0-RC1\spring-data-jpa-2.6.0-RC1.jar;C:\Users\maima\.m2\repository\org\springframework\data\spring-data-commons\2.6.0-RC1\spring-data-commons-2.6.0-RC1.jar;C:\Users\maima\.m2\repository\org\springframework\spring-orm\5.3.11\spring-orm-5.3.11.jar;C:\Users\maima\.m2\repository\org\springframework\spring-context\5.3.11\spring-context-5.3.11.jar;C:\Users\maima\.m2\repository\org\springframework\spring-aop\5.3.11\spring-aop-5.3.11.jar;C:\Users\maima\.m2\repository\org\springframework\spring-tx\5.3.11\spring-tx-5.3.11.jar;C:\Users\maima\.m2\repository\org\springframework\spring-beans\5.3.11\spring-beans-5.3.11.jar;C:\Users\maima\.m2\repository\org\springframework\spring-core\5.3.11\spring-core-5.3.11.jar;C:\Users\maima\.m2\repository\org\springframework\spring-jcl\5.3.11\spring-jcl-5.3.11.jar;C:\Users\maima\.m2\repository\org\springframework\spring-jdbc\5.3.18\spring-jdbc-5.3.18.jar;C:\Users\maima\.m2\repository\org\springframework\spring-webmvc\5.3.18\spring-webmvc-5.3.18.jar;C:\Users\maima\.m2\repository\org\springframework\spring-expression\5.3.18\spring-expression-5.3.18.jar;C:\Users\maima\.m2\repository\org\springframework\spring-web\5.3.18\spring-web-5.3.18.jar;C:\Users\maima\.m2\repository\org\springframework\spring-context-support\5.3.18\spring-context-support-5.3.18.jar;C:\Users\maima\.m2\repository\org\springframework\spring-oxm\5.3.18\spring-oxm-5.3.18.jar;C:\Users\maima\.m2\repository\org\aspectj\aspectjrt\1.9.7\aspectjrt-1.9.7.jar;C:\Users\maima\.m2\repository\org\aspectj\aspectjweaver\1.9.7\aspectjweaver-1.9.7.jar;C:\Users\maima\.m2\repository\org\apache\tomcat\tomcat-jdbc\9.0.46\tomcat-jdbc-9.0.46.jar;C:\Users\maima\.m2\repository\org\apache\tomcat\tomcat-juli\9.0.46\tomcat-juli-9.0.46.jar;C:\Users\maima\.m2\repository\org\slf4j\slf4j-api\1.7.32\slf4j-api-1.7.32.jar;C:\Users\maima\.m2\repository\ch\qos\logback\logback-classic\1.2.6\logback-classic-1.2.6.jar;C:\Users\maima\.m2\repository\ch\qos\logback\logback-core\1.2.6\logback-core-1.2.6.jar;C:\Users\maima\.m2\repository\org\hibernate\hibernate-entitymanager\5.6.0.Final\hibernate-entitymanager-5.6.0.Final.jar;C:\Users\maima\.m2\repository\org\jboss\logging\jboss-logging\3.4.2.Final\jboss-logging-3.4.2.Final.jar;C:\Users\maima\.m2\repository\org\hibernate\hibernate-core\5.6.0.Final\hibernate-core-5.6.0.Final.jar;C:\Users\maima\.m2\repository\antlr\antlr\2.7.7\antlr-2.7.7.jar;C:\Users\maima\.m2\repository\org\jboss\jandex\2.2.3.Final\jandex-2.2.3.Final.jar;C:\Users\maima\.m2\repository\org\hibernate\common\hibernate-commons-annotations\5.1.2.Final\hibernate-commons-annotations-5.1.2.Final.jar;C:\Users\maima\.m2\repository\javax\persistence\javax.persistence-api\2.2\javax.persistence-api-2.2.jar;C:\Users\maima\.m2\repository\net\bytebuddy\byte-buddy\1.11.20\byte-buddy-1.11.20.jar;C:\Users\maima\.m2\repository\org\jboss\spec\javax\transaction\jboss-transaction-api_1.2_spec\1.1.1.Final\jboss-transaction-api_1.2_spec-1.1.1.Final.jar;C:\Users\maima\.m2\repository\org\hibernate\validator\hibernate-validator\6.2.0.Final\hibernate-validator-6.2.0.Final.jar;C:\Users\maima\.m2\repository\jakarta\validation\jakarta.validation-api\2.0.2\jakarta.validation-api-2.0.2.jar;C:\Users\maima\.m2\repository\com\fasterxml\classmate\1.5.1\classmate-1.5.1.jar;C:\Users\maima\.m2\repository\org\hibernate\hibernate-ehcache\5.6.0.Final\hibernate-ehcache-5.6.0.Final.jar;C:\Users\maima\.m2\repository\net\sf\ehcache\ehcache\2.10.6\ehcache-2.10.6.jar;C:\Users\maima\.m2\repository\org\webjars\jquery\3.5.1\jquery-3.5.1.jar;C:\Users\maima\.m2\repository\org\webjars\jquery-ui\1.12.1\jquery-ui-1.12.1.jar;C:\Users\maima\.m2\repository\org\webjars\bootstrap\3.3.6\bootstrap-3.3.6.jar;C:\Users\maima\.m2\repository\org\springframework\spring-test\5.3.18\spring-test-5.3.18.jar;C:\Users\maima\.m2\repository\org\junit\jupiter\junit-jupiter-engine\5.8.1\junit-jupiter-engine-5.8.1.jar;C:\Users\maima\.m2\repository\org\junit\platform\junit-platform-engine\1.8.1\junit-platform-engine-1.8.1.jar;C:\Users\maima\.m2\repository\org\opentest4j\opentest4j\1.2.0\opentest4j-1.2.0.jar;C:\Users\maima\.m2\repository\org\junit\platform\junit-platform-commons\1.8.1\junit-platform-commons-1.8.1.jar;C:\Users\maima\.m2\repository\org\junit\jupiter\junit-jupiter-api\5.8.1\junit-jupiter-api-5.8.1.jar;C:\Users\maima\.m2\repository\org\apiguardian\apiguardian-api\1.1.2\apiguardian-api-1.1.2.jar;C:\Users\maima\.m2\repository\org\assertj\assertj-core\3.21.0\assertj-core-3.21.0.jar;C:\Users\maima\.m2\repository\org\mockito\mockito-core\4.0.0\mockito-core-4.0.0.jar;C:\Users\maima\.m2\repository\net\bytebuddy\byte-buddy-agent\1.11.19\byte-buddy-agent-1.11.19.jar;C:\Users\maima\.m2\repository\org\objenesis\objenesis\3.2\objenesis-3.2.jar;C:\Users\maima\.m2\repository\org\mockito\mockito-junit-jupiter\4.0.0\mockito-junit-jupiter-4.0.0.jar;C:\Users\maima\.m2\repository\org\hamcrest\hamcrest\2.2\hamcrest-2.2.jar;C:\Users\maima\.m2\repository\javax\xml\bind\jaxb-api\2.3.1\jaxb-api-2.3.1.jar;C:\Users\maima\.m2\repository\org\glassfish\jaxb\jaxb-runtime\2.3.4\jaxb-runtime-2.3.4.jar;C:\Users\maima\.m2\repository\jakarta\xml\bind\jakarta.xml.bind-api\2.3.3\jakarta.xml.bind-api-2.3.3.jar;C:\Users\maima\.m2\repository\org\glassfish\jaxb\txw2\2.3.4\txw2-2.3.4.jar;C:\Users\maima\.m2\repository\com\sun\istack\istack-commons-runtime\3.0.12\istack-commons-runtime-3.0.12.jar;C:\Users\maima\.m2\repository\com\sun\activation\jakarta.activation\1.2.2\jakarta.activation-1.2.2.jar;C:\Users\maima\.m2\repository\javax\activation\javax.activation-api\1.2.0\javax.activation-api-1.2.0.jar;C:\Users\maima\.m2\repository\com\h2database\h2\1.4.200\h2-1.4.200.jar;"/>
    <property name="java.vm.vendor" value="Oracle Corporation"/>
    <property name="sun.arch.data.model" value="64"/>
    <property name="user.variant" value=""/>
    <property name="java.vendor.url" value="https://openjdk.java.net/"/>
    <property name="user.timezone" value="America/New_York"/>
    <property name="java.vm.specification.version" value="11"/>
    <property name="os.name" value="Windows 11"/>
    <property name="sun.java.launcher" value="SUN_STANDARD"/>
    <property name="user.country" value="US"/>
    <property name="sun.boot.library.path" value="C:\Program Files\Java\jdk-11.0.16.1\bin"/>
    <property name="sun.java.command" value="C:\Users\maima\AppData\Local\Temp\surefire12676093113439999449\surefirebooter14331774907482137646.jar C:\Users\maima\AppData\Local\Temp\surefire12676093113439999449 2023-10-25T12-36-40_371-jvmRun1 surefire16333936893161066148tmp surefire_02273070006165463596tmp"/>
    <property name="jdk.debug" value="release"/>
    <property name="surefire.test.class.path" value="C:\projects\sonarqube\Petclinic-main\target\test-classes;C:\projects\sonarqube\Petclinic-main\target\classes;C:\Users\maima\.m2\repository\org\apache\tomcat\tomcat-servlet-api\9.0.46\tomcat-servlet-api-9.0.46.jar;C:\Users\maima\.m2\repository\org\apache\tomcat\tomcat-jasper-el\9.0.46\tomcat-jasper-el-9.0.46.jar;C:\Users\maima\.m2\repository\org\apache\tomcat\tomcat-el-api\9.0.46\tomcat-el-api-9.0.46.jar;C:\Users\maima\.m2\repository\org\apache\taglibs\taglibs-standard-jstlel\1.2.5\taglibs-standard-jstlel-1.2.5.jar;C:\Users\maima\.m2\repository\org\apache\taglibs\taglibs-standard-spec\1.2.5\taglibs-standard-spec-1.2.5.jar;C:\Users\maima\.m2\repository\org\apache\taglibs\taglibs-standard-impl\1.2.5\taglibs-standard-impl-1.2.5.jar;C:\Users\maima\.m2\repository\com\fasterxml\jackson\core\jackson-core\2.12.4\jackson-core-2.12.4.jar;C:\Users\maima\.m2\repository\com\fasterxml\jackson\core\jackson-databind\2.12.4\jackson-databind-2.12.4.jar;C:\Users\maima\.m2\repository\com\fasterxml\jackson\core\jackson-annotations\2.12.4\jackson-annotations-2.12.4.jar;C:\Users\maima\.m2\repository\com\jayway\jsonpath\json-path\2.6.0\json-path-2.6.0.jar;C:\Users\maima\.m2\repository\net\minidev\json-smart\2.4.7\json-smart-2.4.7.jar;C:\Users\maima\.m2\repository\net\minidev\accessors-smart\2.4.7\accessors-smart-2.4.7.jar;C:\Users\maima\.m2\repository\org\ow2\asm\asm\9.1\asm-9.1.jar;C:\Users\maima\.m2\repository\org\springframework\data\spring-data-jpa\2.6.0-RC1\spring-data-jpa-2.6.0-RC1.jar;C:\Users\maima\.m2\repository\org\springframework\data\spring-data-commons\2.6.0-RC1\spring-data-commons-2.6.0-RC1.jar;C:\Users\maima\.m2\repository\org\springframework\spring-orm\5.3.11\spring-orm-5.3.11.jar;C:\Users\maima\.m2\repository\org\springframework\spring-context\5.3.11\spring-context-5.3.11.jar;C:\Users\maima\.m2\repository\org\springframework\spring-aop\5.3.11\spring-aop-5.3.11.jar;C:\Users\maima\.m2\repository\org\springframework\spring-tx\5.3.11\spring-tx-5.3.11.jar;C:\Users\maima\.m2\repository\org\springframework\spring-beans\5.3.11\spring-beans-5.3.11.jar;C:\Users\maima\.m2\repository\org\springframework\spring-core\5.3.11\spring-core-5.3.11.jar;C:\Users\maima\.m2\repository\org\springframework\spring-jcl\5.3.11\spring-jcl-5.3.11.jar;C:\Users\maima\.m2\repository\org\springframework\spring-jdbc\5.3.18\spring-jdbc-5.3.18.jar;C:\Users\maima\.m2\repository\org\springframework\spring-webmvc\5.3.18\spring-webmvc-5.3.18.jar;C:\Users\maima\.m2\repository\org\springframework\spring-expression\5.3.18\spring-expression-5.3.18.jar;C:\Users\maima\.m2\repository\org\springframework\spring-web\5.3.18\spring-web-5.3.18.jar;C:\Users\maima\.m2\repository\org\springframework\spring-context-support\5.3.18\spring-context-support-5.3.18.jar;C:\Users\maima\.m2\repository\org\springframework\spring-oxm\5.3.18\spring-oxm-5.3.18.jar;C:\Users\maima\.m2\repository\org\aspectj\aspectjrt\1.9.7\aspectjrt-1.9.7.jar;C:\Users\maima\.m2\repository\org\aspectj\aspectjweaver\1.9.7\aspectjweaver-1.9.7.jar;C:\Users\maima\.m2\repository\org\apache\tomcat\tomcat-jdbc\9.0.46\tomcat-jdbc-9.0.46.jar;C:\Users\maima\.m2\repository\org\apache\tomcat\tomcat-juli\9.0.46\tomcat-juli-9.0.46.jar;C:\Users\maima\.m2\repository\org\slf4j\slf4j-api\1.7.32\slf4j-api-1.7.32.jar;C:\Users\maima\.m2\repository\ch\qos\logback\logback-classic\1.2.6\logback-classic-1.2.6.jar;C:\Users\maima\.m2\repository\ch\qos\logback\logback-core\1.2.6\logback-core-1.2.6.jar;C:\Users\maima\.m2\repository\org\hibernate\hibernate-entitymanager\5.6.0.Final\hibernate-entitymanager-5.6.0.Final.jar;C:\Users\maima\.m2\repository\org\jboss\logging\jboss-logging\3.4.2.Final\jboss-logging-3.4.2.Final.jar;C:\Users\maima\.m2\repository\org\hibernate\hibernate-core\5.6.0.Final\hibernate-core-5.6.0.Final.jar;C:\Users\maima\.m2\repository\antlr\antlr\2.7.7\antlr-2.7.7.jar;C:\Users\maima\.m2\repository\org\jboss\jandex\2.2.3.Final\jandex-2.2.3.Final.jar;C:\Users\maima\.m2\repository\org\hibernate\common\hibernate-commons-annotations\5.1.2.Final\hibernate-commons-annotations-5.1.2.Final.jar;C:\Users\maima\.m2\repository\javax\persistence\javax.persistence-api\2.2\javax.persistence-api-2.2.jar;C:\Users\maima\.m2\repository\net\bytebuddy\byte-buddy\1.11.20\byte-buddy-1.11.20.jar;C:\Users\maima\.m2\repository\org\jboss\spec\javax\transaction\jboss-transaction-api_1.2_spec\1.1.1.Final\jboss-transaction-api_1.2_spec-1.1.1.Final.jar;C:\Users\maima\.m2\repository\org\hibernate\validator\hibernate-validator\6.2.0.Final\hibernate-validator-6.2.0.Final.jar;C:\Users\maima\.m2\repository\jakarta\validation\jakarta.validation-api\2.0.2\jakarta.validation-api-2.0.2.jar;C:\Users\maima\.m2\repository\com\fasterxml\classmate\1.5.1\classmate-1.5.1.jar;C:\Users\maima\.m2\repository\org\hibernate\hibernate-ehcache\5.6.0.Final\hibernate-ehcache-5.6.0.Final.jar;C:\Users\maima\.m2\repository\net\sf\ehcache\ehcache\2.10.6\ehcache-2.10.6.jar;C:\Users\maima\.m2\repository\org\webjars\jquery\3.5.1\jquery-3.5.1.jar;C:\Users\maima\.m2\repository\org\webjars\jquery-ui\1.12.1\jquery-ui-1.12.1.jar;C:\Users\maima\.m2\repository\org\webjars\bootstrap\3.3.6\bootstrap-3.3.6.jar;C:\Users\maima\.m2\repository\org\springframework\spring-test\5.3.18\spring-test-5.3.18.jar;C:\Users\maima\.m2\repository\org\junit\jupiter\junit-jupiter-engine\5.8.1\junit-jupiter-engine-5.8.1.jar;C:\Users\maima\.m2\repository\org\junit\platform\junit-platform-engine\1.8.1\junit-platform-engine-1.8.1.jar;C:\Users\maima\.m2\repository\org\opentest4j\opentest4j\1.2.0\opentest4j-1.2.0.jar;C:\Users\maima\.m2\repository\org\junit\platform\junit-platform-commons\1.8.1\junit-platform-commons-1.8.1.jar;C:\Users\maima\.m2\repository\org\junit\jupiter\junit-jupiter-api\5.8.1\junit-jupiter-api-5.8.1.jar;C:\Users\maima\.m2\repository\org\apiguardian\apiguardian-api\1.1.2\apiguardian-api-1.1.2.jar;C:\Users\maima\.m2\repository\org\assertj\assertj-core\3.21.0\assertj-core-3.21.0.jar;C:\Users\maima\.m2\repository\org\mockito\mockito-core\4.0.0\mockito-core-4.0.0.jar;C:\Users\maima\.m2\repository\net\bytebuddy\byte-buddy-agent\1.11.19\byte-buddy-agent-1.11.19.jar;C:\Users\maima\.m2\repository\org\objenesis\objenesis\3.2\objenesis-3.2.jar;C:\Users\maima\.m2\repository\org\mockito\mockito-junit-jupiter\4.0.0\mockito-junit-jupiter-4.0.0.jar;C:\Users\maima\.m2\repository\org\hamcrest\hamcrest\2.2\hamcrest-2.2.jar;C:\Users\maima\.m2\repository\javax\xml\bind\jaxb-api\2.3.1\jaxb-api-2.3.1.jar;C:\Users\maima\.m2\repository\org\glassfish\jaxb\jaxb-runtime\2.3.4\jaxb-runtime-2.3.4.jar;C:\Users\maima\.m2\repository\jakarta\xml\bind\jakarta.xml.bind-api\2.3.3\jakarta.xml.bind-api-2.3.3.jar;C:\Users\maima\.m2\repository\org\glassfish\jaxb\txw2\2.3.4\txw2-2.3.4.jar;C:\Users\maima\.m2\repository\com\sun\istack\istack-commons-runtime\3.0.12\istack-commons-runtime-3.0.12.jar;C:\Users\maima\.m2\repository\com\sun\activation\jakarta.activation\1.2.2\jakarta.activation-1.2.2.jar;C:\Users\maima\.m2\repository\javax\activation\javax.activation-api\1.2.0\javax.activation-api-1.2.0.jar;C:\Users\maima\.m2\repository\com\h2database\h2\1.4.200\h2-1.4.200.jar;"/>
    <property name="sun.cpu.endian" value="little"/>
    <property name="user.home" value="C:\Users\maima"/>
    <property name="user.language" value="en"/>
    <property name="java.specification.vendor" value="Oracle Corporation"/>
    <property name="java.version.date" value="2022-08-18"/>
    <property name="java.home" value="C:\Program Files\Java\jdk-11.0.16.1"/>
    <property name="file.separator" value="\"/>
    <property name="style.color" value="always"/>
    <property name="basedir" value="C:\projects\sonarqube\Petclinic-main"/>
    <property name="java.vm.compressedOopsMode" value="Zero based"/>
    <property name="line.separator" value="&#10;"/>
    <property name="java.specification.name" value="Java Platform API Specification"/>
    <property name="java.vm.specification.vendor" value="Oracle Corporation"/>
    <property name="java.awt.graphicsenv" value="sun.awt.Win32GraphicsEnvironment"/>
    <property name="surefire.real.class.path" value="C:\Users\maima\AppData\Local\Temp\surefire12676093113439999449\surefirebooter14331774907482137646.jar"/>
    <property name="user.script" value=""/>
    <property name="sun.management.compiler" value="HotSpot 64-Bit Tiered Compilers"/>
    <property name="java.runtime.version" value="11.0.16.1+1-LTS-1"/>
    <property name="user.name" value="maima"/>
    <property name="path.separator" value=";"/>
    <property name="os.version" value="10.0"/>
    <property name="java.runtime.name" value="Java(TM) SE Runtime Environment"/>
    <property name="file.encoding" value="Cp1252"/>
    <property name="java.vm.name" value="Java HotSpot(TM) 64-Bit Server VM"/>
    <property name="java.vendor.version" value="18.9"/>
    <property name="localRepository" value="C:\Users\maima\.m2\repository"/>
    <property name="java.vendor.url.bug" value="https://bugreport.java.com/bugreport/"/>
    <property name="java.io.tmpdir" value="C:\Users\maima\AppData\Local\Temp\"/>
    <property name="java.version" value="11.0.16.1"/>
    <property name="user.dir" value="C:\projects\sonarqube\Petclinic-main"/>
    <property name="os.arch" value="amd64"/>
    <property name="java.vm.specification.name" value="Java Virtual Machine Specification"/>
    <property name="java.awt.printerjob" value="sun.awt.windows.WPrinterJob"/>
    <property name="sun.os.patch.level" value=""/>
    <property name="java.library.path" value="C:\Program Files\Java\jdk-11.0.16.1\bin;C:\WINDOWS\Sun\Java\bin;C:\WINDOWS\system32;C:\WINDOWS;C:/Program Files/sts-4.19.0.RELEASE//plugins/org.eclipse.justj.openjdk.hotspot.jre.full.win32.x86_64_17.0.7.v20230425-1502/jre/bin/server;C:/Program Files/sts-4.19.0.RELEASE//plugins/org.eclipse.justj.openjdk.hotspot.jre.full.win32.x86_64_17.0.7.v20230425-1502/jre/bin;C:\Program Files\Common Files\Oracle\Java\javapath;C:\Program Files\Python\Python311\Scripts\;C:\Program Files\Python\Python311\;C:\WINDOWS\system32;C:\WINDOWS;C:\WINDOWS\System32\Wbem;C:\WINDOWS\System32\WindowsPowerShell\v1.0\;C:\WINDOWS\System32\OpenSSH\;C:\Program Files\Microsoft VS Code\bin;C:\Program Files\Java\jdk-11.0.16.1\bin;C:\Program Files\Docker\Docker\resources\bin;C:\Program Files\nodejs\;C:\Drivers\geckodriver\;C:\Drivers\chromedriver\;C:\Users\maima\AppData\Roaming\npm;C:\Program Files\MySQL\MySQL Server 8.0\bin;C:\Program Files\Git\cmd;C:\Program Files\apache-maven-3.9.5\bin;C:\Program Files\Git\bin;C:\Program Files\MySQL\MySQL Shell 8.0\bin\;C:\Users\maima\AppData\Local\Microsoft\WindowsApps;;C:\Program Files\JetBrains\PyCharm Community Edition 2022.3\bin;;C:\Program Files\JetBrains\IntelliJ IDEA 2023.1.4\bin;;C:\Program Files\JetBrains\IntelliJ IDEA Community Edition 2023.1.4\bin;;C:\Users\maima\AppData\Roaming\npm;C:\Program Files\sts-4.19.0.RELEASE;;."/>
    <property name="java.vendor" value="Oracle Corporation"/>
    <property name="java.vm.info" value="mixed mode"/>
    <property name="java.vm.version" value="11.0.16.1+1-LTS-1"/>
    <property name="sun.io.unicode.encoding" value="UnicodeLittle"/>
    <property name="java.class.version" value="55.0"/>
  </properties>
  <testcase name="testProcessNewVisitFormHasErrors" classname="org.springframework.samples.petclinic.web.VisitControllerTests" time="0.017"/>
  <testcase name="testProcessNewVisitFormSuccess" classname="org.springframework.samples.petclinic.web.VisitControllerTests" time="0.017"/>
  <testcase name="testShowVisits" classname="org.springframework.samples.petclinic.web.VisitControllerTests" time="0.013"/>
  <testcase name="testInitNewVisitForm" classname="org.springframework.samples.petclinic.web.VisitControllerTests" time="0.012"/>
</testsuite>